<?xml version="1.0" encoding="UTF-8"?>
<!-- Generated by org.testng.reporters.JUnitReportReporter -->
<testsuite skipped="0" hostname="Amits-MacBook-Pro.local" name="com.selenium2019.MouseHover" tests="1" failures="0" timestamp="17 Dec 2018 05:41:00 GMT" time="12.788" errors="0">
  <testcase name="UseMouseHover" time="12.788" classname="com.selenium2019.MouseHover"/>
</testsuite> <!-- com.selenium2019.MouseHover -->
