<?xml version="1.0" encoding="UTF-8"?>
<!-- Generated by org.testng.reporters.JUnitReportReporter -->
<testsuite skipped="0" hostname="Amits-MacBook-Pro.local" name="com.selenium2019.Example1" tests="1" failures="0" timestamp="17 Dec 2018 04:51:19 GMT" time="5.735" errors="0">
  <testcase name="EnterDataInTextBox" time="5.735" classname="com.selenium2019.Example1"/>
</testsuite> <!-- com.selenium2019.Example1 -->
